2023-06-16T11:19:20.837477 404 : [{"timestamp":"2023-06-16T15:19:20.817+00:00","status":404,"error":"Not Found","message":"No message available","path":"/users/1003/username"}]
2023-06-16T11:43:26.828644 404 : [{"timestamp":"2023-06-16T15:43:26.810+00:00","status":404,"error":"Not Found","message":"No message available","path":"/users/1001/username"}]
2023-06-16T11:45:52.944177 404 : [{"timestamp":"2023-06-16T15:45:52.928+00:00","status":404,"error":"Not Found","message":"No message available","path":"/users/1001/username"}]
2023-06-16T11:46:03.25954 404 : [{"timestamp":"2023-06-16T15:46:03.257+00:00","status":404,"error":"Not Found","message":"No message available","path":"/users/1001/username"}]
2023-06-16T11:47:24.11793 404 : [{"timestamp":"2023-06-16T15:47:24.103+00:00","status":404,"error":"Not Found","message":"No message available","path":"/users/1002/username"}]
2023-06-16T12:28:49.389845 500 : [{"timestamp":"2023-06-16T16:28:49.375+00:00","status":500,"error":"Internal Server Error","message":"Username cannot be null","path":"/transfers1004"}]
2023-06-16T12:37:57.516924 500 : [{"timestamp":"2023-06-16T16:37:57.503+00:00","status":500,"error":"Internal Server Error","message":"Username cannot be null","path":"/transfers2004"}]
2023-06-16T12:41:37.758816 500 : [{"timestamp":"2023-06-16T16:41:16.168+00:00","status":500,"error":"Internal Server Error","message":"Username cannot be null","path":"/transfers2004"}]
2023-06-16T12:42:01.219568 404 : [{"timestamp":"2023-06-16T16:42:01.206+00:00","status":404,"error":"Not Found","message":"No message available","path":"/transfers/2004"}]
2023-06-16T12:45:54.377793 404 : [{"timestamp":"2023-06-16T16:45:54.362+00:00","status":404,"error":"Not Found","message":"No message available","path":"/account/transfer/2004"}]
2023-06-16T12:47:20.058521 404 : [{"timestamp":"2023-06-16T16:46:45.097+00:00","status":404,"error":"Not Found","message":"No message available","path":"/account/transfer/2004"}]
2023-06-16T12:47:35.811632 404 : [{"timestamp":"2023-06-16T16:47:35.795+00:00","status":404,"error":"Not Found","message":"No message available","path":"/account/transfer/2004"}]
2023-06-16T13:05:31.004493 401 : [no body]
2023-06-16T13:05:58.244504 404 : [{"timestamp":"2023-06-16T17:05:58.242+00:00","status":404,"error":"Not Found","message":"No message available","path":"/users/1004/username"}]
2023-06-16T13:40:21.608446 404 : [{"timestamp":"2023-06-16T17:40:21.592+00:00","status":404,"error":"Not Found","message":"No message available","path":"/users/1004/username"}]
2023-06-16T13:40:35.737539 401 : [no body]
2023-06-16T13:42:11.245262 404 : [{"timestamp":"2023-06-16T17:42:11.231+00:00","status":404,"error":"Not Found","message":"No message available","path":"/users/1004/username"}]
2023-06-16T13:45:31.683708 404 : [{"timestamp":"2023-06-16T17:45:31.657+00:00","status":404,"error":"Not Found","message":"No message available","path":"/users/1002/username"}]
2023-06-16T13:50:15.36648 401 : [no body]
2023-06-16T13:51:26.759264 404 : [{"timestamp":"2023-06-16T17:51:26.746+00:00","status":404,"error":"Not Found","message":"No message available","path":"/users/1003/username"}]
2023-06-16T13:51:38.727008 404 : [{"timestamp":"2023-06-16T17:51:38.725+00:00","status":404,"error":"Not Found","message":"No message available","path":"/users/1004/username"}]
2023-06-16T13:53:51.315241 404 : [{"timestamp":"2023-06-16T17:53:51.301+00:00","status":404,"error":"Not Found","message":"No message available","path":"/users/1003/username"}]
2023-06-16T13:53:59.363385 404 : [{"timestamp":"2023-06-16T17:53:59.361+00:00","status":404,"error":"Not Found","message":"No message available","path":"/users/1004/username"}]
2023-06-16T14:10:08.510899 404 : [{"timestamp":"2023-06-16T18:10:08.479+00:00","status":404,"error":"Not Found","message":"No message available","path":"/users/1001/username"}]
2023-06-16T14:15:30.972733 404 : [{"timestamp":"2023-06-16T18:15:30.953+00:00","status":404,"error":"Not Found","message":"No message available","path":"/users/1002/username"}]
2023-06-16T14:19:57.775859 404 : [{"timestamp":"2023-06-16T18:19:57.754+00:00","status":404,"error":"Not Found","message":"No message available","path":"/users/1001/username"}]
2023-06-16T14:20:20.42189 401 : [no body]
2023-06-16T14:37:10.245364 401 : [no body]
2023-06-16T16:59:52.078926 I/O error on POST request for "http://localhost:8080/login": Connection refused; nested exception is java.net.ConnectException: Connection refused
2023-06-16T17:06:19.317587 401 : [no body]
2023-06-16T17:21:52.602524 401 : [no body]
2023-06-16T17:25:54.707104 401 : [no body]
2023-06-16T17:29:55.281332 401 : [no body]
2023-06-16T17:49:04.736954 404 : [{"timestamp":"2023-06-16T21:49:04.718+00:00","status":404,"error":"Not Found","message":"No message available","path":"/api/account/account/2004"}]
2023-06-16T18:43:00.824218 404 : [{"timestamp":"2023-06-16T22:43:00.804+00:00","status":404,"error":"Not Found","message":"No message available","path":"/users/1004/username"}]
2023-06-16T18:50:50.838206 404 : [{"timestamp":"2023-06-16T22:50:50.817+00:00","status":404,"error":"Not Found","message":"No message available","path":"/users/1001/username"}]
2023-06-16T19:27:33.458949 404 : [{"timestamp":"2023-06-16T23:27:33.442+00:00","status":404,"error":"Not Found","message":"No message available","path":"/api/account/account/2004"}]
2023-06-16T19:33:16.099711 404 : [{"timestamp":"2023-06-16T23:33:16.085+00:00","status":404,"error":"Not Found","message":"No message available","path":"/api/account/account/userId/2004"}]
2023-06-16T19:35:54.866463 404 : [{"timestamp":"2023-06-16T23:35:54.839+00:00","status":404,"error":"Not Found","message":"No message available","path":"/api/account/account/userId/2004"}]
2023-06-16T19:36:43.516322 404 : [{"timestamp":"2023-06-16T23:36:43.502+00:00","status":404,"error":"Not Found","message":"No message available","path":"/api/account/account/userId/2004"}]
2023-06-16T19:51:17.106962 500 : [{"timestamp":"2023-06-16T23:51:17.092+00:00","status":500,"error":"Internal Server Error","message":"Cannot invoke \"com.techelevator.tenmo.model.Account.getBalance()\" because the return value of \"com.techelevator.tenmo.dao.JdbcAccountDao.getAccountById(int)\" is null","path":"/api/account/send/2001/1004/25.00"}]
2023-06-16T19:52:56.853791 500 : [{"timestamp":"2023-06-16T23:52:56.840+00:00","status":500,"error":"Internal Server Error","message":"Cannot invoke \"com.techelevator.tenmo.model.Account.getBalance()\" because the return value of \"com.techelevator.tenmo.dao.JdbcAccountDao.getAccountById(int)\" is null","path":"/api/account/send/2001/1004/25.00"}]
2023-06-16T19:57:07.976384 500 : [{"timestamp":"2023-06-16T23:54:22.909+00:00","status":500,"error":"Internal Server Error","message":"Cannot invoke \"com.techelevator.tenmo.model.Account.getBalance()\" because the return value of \"com.techelevator.tenmo.dao.JdbcAccountDao.getAccountById(int)\" is null","path":"/api/account/send/2001/1004/25.00"}]
2023-06-16T19:58:19.510417 500 : [{"timestamp":"2023-06-16T23:58:13.623+00:00","status":500,"error":"Internal Server Error","message":"Cannot invoke \"com.techelevator.tenmo.model.Account.getBalance()\" because the return value of \"com.techelevator.tenmo.dao.JdbcAccountDao.getAccountById(int)\" is null","path":"/api/account/send/2001/1004/25.00"}]
2023-06-16T19:59:44.761666 500 : [{"timestamp":"2023-06-16T23:59:44.670+00:00","status":500,"error":"Internal Server Error","message":"Cannot invoke \"com.techelevator.tenmo.model.Account.getBalance()\" because the return value of \"com.techelevator.tenmo.dao.JdbcAccountDao.getAccountById(int)\" is null","path":"/api/account/send/1001/1004/25.00"}]
2023-06-16T19:59:56.35454 401 : [no body]
2023-06-16T20:18:45.268843 500 : [{"timestamp":"2023-06-17T00:02:19.328+00:00","status":500,"error":"Internal Server Error","message":"Cannot invoke \"com.techelevator.tenmo.model.Account.getBalance()\" because the return value of \"com.techelevator.tenmo.dao.JdbcAccountDao.getAccountById(int)\" is null","path":"/api/account/send/1001/1004/25.00"}]
2023-06-16T20:19:22.902461 I/O error on POST request for "http://localhost:8080/login": Connection refused; nested exception is java.net.ConnectException: Connection refused
2023-06-16T21:46:40.379696 401 : [no body]
2023-06-16T21:51:39.417452 404 : [{"timestamp":"2023-06-17T01:51:39.403+00:00","status":404,"error":"Not Found","message":"No message available","path":"/users/1002/username"}]
2023-06-16T22:01:25.240556 404 : [{"timestamp":"2023-06-17T02:01:25.227+00:00","status":404,"error":"Not Found","message":"No message available","path":"/users/1003/username"}]
2023-06-16T22:06:08.99633 404 : [{"timestamp":"2023-06-17T02:06:08.980+00:00","status":404,"error":"Not Found","message":"No message available","path":"/users/1002/username"}]
2023-06-16T22:08:01.55659 404 : [{"timestamp":"2023-06-17T02:08:01.543+00:00","status":404,"error":"Not Found","message":"No message available","path":"/users/1002/username"}]
2023-06-16T22:08:10.980462 404 : [{"timestamp":"2023-06-17T02:08:10.979+00:00","status":404,"error":"Not Found","message":"No message available","path":"/users/1002/username"}]
2023-06-16T22:08:18.534187 404 : [{"timestamp":"2023-06-17T02:08:18.532+00:00","status":404,"error":"Not Found","message":"No message available","path":"/users/1002/username"}]
2023-06-16T22:08:27.4982 404 : [{"timestamp":"2023-06-17T02:08:27.496+00:00","status":404,"error":"Not Found","message":"No message available","path":"/users/1002/username"}]
2023-06-16T22:14:19.837186 404 : [{"timestamp":"2023-06-17T02:14:19.821+00:00","status":404,"error":"Not Found","message":"No message available","path":"/users/1004/username"}]
2023-06-16T22:22:19.627217 404 : [{"timestamp":"2023-06-17T02:22:19.610+00:00","status":404,"error":"Not Found","message":"No message available","path":"/users/1002/username"}]
2023-06-16T22:22:30.499308 404 : [{"timestamp":"2023-06-17T02:22:30.496+00:00","status":404,"error":"Not Found","message":"No message available","path":"/users/1002/username"}]
2023-06-16T22:22:36.201059 404 : [{"timestamp":"2023-06-17T02:22:36.198+00:00","status":404,"error":"Not Found","message":"No message available","path":"/users/1002/username"}]
2023-06-16T22:37:08.764917 500 : [{"timestamp":"2023-06-17T02:34:57.984+00:00","status":500,"error":"Internal Server Error","message":"Missing URI template variable 'transfer_status_id' for method parameter of type int","path":"/transfer/3076"}]
2023-06-16T22:39:18.718636 500 : [{"timestamp":"2023-06-17T02:38:26.527+00:00","status":500,"error":"Internal Server Error","message":"Missing URI template variable 'transfer_status_id' for method parameter of type int","path":"/transfer/3076"}]
2023-06-16T23:23:15.980376 404 : [{"timestamp":"2023-06-17T03:23:15.965+00:00","status":404,"error":"Not Found","message":"No message available","path":"/users/1001/username"}]
2023-06-16T23:25:40.350687 404 : [{"timestamp":"2023-06-17T03:25:40.348+00:00","status":404,"error":"Not Found","message":"No message available","path":"/users/1001/username"}]
2023-06-16T23:25:52.494525 404 : [{"timestamp":"2023-06-17T03:25:52.492+00:00","status":404,"error":"Not Found","message":"No message available","path":"/users/1001/username"}]
2023-06-16T23:39:34.090282 404 : [{"timestamp":"2023-06-17T03:39:34.072+00:00","status":404,"error":"Not Found","message":"No message available","path":"/users/1004/username"}]
2023-06-16T23:39:48.094513 404 : [{"timestamp":"2023-06-17T03:39:48.092+00:00","status":404,"error":"Not Found","message":"No message available","path":"/users/1004/username"}]
2023-06-16T23:45:38.331704 404 : [{"timestamp":"2023-06-17T03:45:38.320+00:00","status":404,"error":"Not Found","message":"No message available","path":"/users/1001/username"}]
2023-06-16T23:45:46.567207 404 : [{"timestamp":"2023-06-17T03:45:46.565+00:00","status":404,"error":"Not Found","message":"No message available","path":"/users/1001/username"}]
2023-06-16T23:45:59.544582 404 : [{"timestamp":"2023-06-17T03:45:59.543+00:00","status":404,"error":"Not Found","message":"No message available","path":"/users/1001/username"}]
2023-06-16T23:46:05.941779 404 : [{"timestamp":"2023-06-17T03:46:05.940+00:00","status":404,"error":"Not Found","message":"No message available","path":"/users/1001/username"}]
2023-06-16T23:49:01.478334 401 : [no body]
2023-06-16T23:49:18.283653 404 : [{"timestamp":"2023-06-17T03:49:18.282+00:00","status":404,"error":"Not Found","message":"No message available","path":"/users/1001/username"}]
